19:56:32.131 [main] INFO  o.s.t.c.s.AbstractContextLoader - Could not detect default resource locations for test class [com.tus.individual_project.CoffeeShop.services.CoffeeShopServiceTest]: no resource found for suffixes {-context.xml, Context.groovy}.
19:56:32.134 [main] INFO  o.s.t.c.s.AnnotationConfigContextLoaderUtils - Could not detect default configuration classes for test class [com.tus.individual_project.CoffeeShop.services.CoffeeShopServiceTest]: CoffeeShopServiceTest does not declare any static, non-private, non-final, nested classes annotated with @Configuration.
19:56:32.231 [main] INFO  o.s.b.t.c.SpringBootTestContextBootstrapper - Found @SpringBootConfiguration com.tus.CoffeeShopApplication for test class com.tus.individual_project.CoffeeShop.services.CoffeeShopServiceTest
19:56:32.339 [main] INFO  o.s.b.t.c.SpringBootTestContextBootstrapper - Loaded default TestExecutionListener class names from location [META-INF/spring.factories]: [org.springframework.boot.test.mock.mockito.MockitoTestExecutionListener, org.springframework.boot.test.mock.mockito.ResetMocksTestExecutionListener, org.springframework.boot.test.autoconfigure.restdocs.RestDocsTestExecutionListener, org.springframework.boot.test.autoconfigure.web.client.MockRestServiceServerResetTestExecutionListener, org.springframework.boot.test.autoconfigure.web.servlet.MockMvcPrintOnlyOnFailureTestExecutionListener, org.springframework.boot.test.autoconfigure.web.servlet.WebDriverTestExecutionListener, org.springframework.boot.test.autoconfigure.webservices.client.MockWebServiceServerTestExecutionListener, org.springframework.test.context.web.ServletTestExecutionListener, org.springframework.test.context.support.DirtiesContextBeforeModesTestExecutionListener, org.springframework.test.context.event.ApplicationEventsTestExecutionListener, org.springframework.test.context.support.DependencyInjectionTestExecutionListener, org.springframework.test.context.support.DirtiesContextTestExecutionListener, org.springframework.test.context.transaction.TransactionalTestExecutionListener, org.springframework.test.context.jdbc.SqlScriptsTestExecutionListener, org.springframework.test.context.event.EventPublishingTestExecutionListener]
19:56:32.354 [main] INFO  o.s.b.t.c.SpringBootTestContextBootstrapper - Using TestExecutionListeners: [org.springframework.test.context.web.ServletTestExecutionListener@54afd745, org.springframework.test.context.support.DirtiesContextBeforeModesTestExecutionListener@677dbd89, org.springframework.test.context.event.ApplicationEventsTestExecutionListener@fff25f1, org.springframework.boot.test.mock.mockito.MockitoTestExecutionListener@c00fff0, org.springframework.boot.test.autoconfigure.SpringBootDependencyInjectionTestExecutionListener@263f04ca, org.springframework.test.context.support.DirtiesContextTestExecutionListener@2ca47471, org.springframework.test.context.transaction.TransactionalTestExecutionListener@5a021cb9, org.springframework.test.context.jdbc.SqlScriptsTestExecutionListener@51768776, org.springframework.test.context.event.EventPublishingTestExecutionListener@f31c0c6, org.springframework.boot.test.mock.mockito.ResetMocksTestExecutionListener@b93aad, org.springframework.boot.test.autoconfigure.restdocs.RestDocsTestExecutionListener@4a9419d7, org.springframework.boot.test.autoconfigure.web.client.MockRestServiceServerResetTestExecutionListener@2f3c6ac4, org.springframework.boot.test.autoconfigure.web.servlet.MockMvcPrintOnlyOnFailureTestExecutionListener@2e8ab815, org.springframework.boot.test.autoconfigure.web.servlet.WebDriverTestExecutionListener@67af833b, org.springframework.boot.test.autoconfigure.webservices.client.MockWebServiceServerTestExecutionListener@d1f74b8]
19:56:32.616 [background-preinit] INFO  o.h.validator.internal.util.Version - HV000001: Hibernate Validator 6.2.5.Final
19:56:32.619 [main] INFO  c.t.i.C.CoffeeShopServiceTest - Starting CoffeeShopServiceTest using Java 11.0.17 on Vizam with PID 33172 (started by zivko in C:\Users\zivko\Downloads\GIT\IndividualniProjekat\CoffeeShop\src\main\java)
19:56:32.620 [main] INFO  c.t.i.C.CoffeeShopServiceTest - No active profile set, falling back to 1 default profile: "default"
19:56:33.307 [main] INFO  o.s.d.r.c.RepositoryConfigurationDelegate - Bootstrapping Spring Data JPA repositories in DEFAULT mode.
19:56:33.367 [main] INFO  o.s.d.r.c.RepositoryConfigurationDelegate - Finished Spring Data repository scanning in 53 ms. Found 3 JPA repository interfaces.
19:56:34.223 [main] INFO  o.h.jpa.internal.util.LogHelper - HHH000204: Processing PersistenceUnitInfo [name: default]
19:56:34.274 [main] INFO  org.hibernate.Version - HHH000412: Hibernate ORM core version 5.6.14.Final
19:56:34.310 [main] INFO  o.h.annotations.common.Version - HCANN000001: Hibernate Commons Annotations {5.1.2.Final}
19:56:34.561 [main] INFO  com.zaxxer.hikari.HikariDataSource - HikariPool-1 - Starting...
19:56:34.709 [main] INFO  com.zaxxer.hikari.HikariDataSource - HikariPool-1 - Start completed.
19:56:34.738 [main] INFO  org.hibernate.dialect.Dialect - HHH000400: Using dialect: org.hibernate.dialect.MySQL8Dialect
19:56:35.242 [main] INFO  o.h.e.t.j.p.i.JtaPlatformInitiator - HHH000490: Using JtaPlatform implementation: [org.hibernate.engine.transaction.jta.platform.internal.NoJtaPlatform]
19:56:35.249 [main] INFO  o.s.o.j.LocalContainerEntityManagerFactoryBean - Initialized JPA EntityManagerFactory for persistence unit 'default'
19:56:35.447 [main] WARN  o.s.b.a.o.j.JpaBaseConfiguration$JpaWebConfiguration - spring.jpa.open-in-view is enabled by default. Therefore, database queries may be performed during view rendering. Explicitly configure spring.jpa.open-in-view to disable this warning
19:56:35.804 [main] INFO  o.s.b.a.w.s.WelcomePageHandlerMapping - Adding welcome page: class path resource [public/index.html]
19:56:36.452 [main] INFO  o.s.b.t.m.w.SpringBootMockServletContext - Initializing Spring TestDispatcherServlet ''
19:56:36.452 [main] INFO  o.s.t.w.s.TestDispatcherServlet - Initializing Servlet ''
19:56:36.457 [main] INFO  o.s.b.a.e.web.EndpointLinksResolver - Exposing 1 endpoint(s) beneath base path '/actuator'
19:56:36.479 [main] INFO  o.s.t.w.s.TestDispatcherServlet - Completed initialization in 27 ms
19:56:36.508 [main] INFO  c.t.i.C.CoffeeShopServiceTest - Started CoffeeShopServiceTest in 4.125 seconds (JVM running for 5.332)
19:56:36.634 [SpringApplicationShutdownHook] INFO  o.s.o.j.LocalContainerEntityManagerFactoryBean - Closing JPA EntityManagerFactory for persistence unit 'default'
19:56:36.635 [SpringApplicationShutdownHook] INFO  com.zaxxer.hikari.HikariDataSource - HikariPool-1 - Shutdown initiated...
19:56:36.645 [SpringApplicationShutdownHook] INFO  com.zaxxer.hikari.HikariDataSource - HikariPool-1 - Shutdown completed.
20:03:55.677 [main] INFO  o.s.t.c.s.AbstractContextLoader - Could not detect default resource locations for test class [com.tus.individual_project.CoffeeShop.services.CoffeeShopServiceTest]: no resource found for suffixes {-context.xml, Context.groovy}.
20:03:55.680 [main] INFO  o.s.t.c.s.AnnotationConfigContextLoaderUtils - Could not detect default configuration classes for test class [com.tus.individual_project.CoffeeShop.services.CoffeeShopServiceTest]: CoffeeShopServiceTest does not declare any static, non-private, non-final, nested classes annotated with @Configuration.
20:03:55.779 [main] INFO  o.s.b.t.c.SpringBootTestContextBootstrapper - Found @SpringBootConfiguration com.tus.CoffeeShopApplication for test class com.tus.individual_project.CoffeeShop.services.CoffeeShopServiceTest
20:03:55.883 [main] INFO  o.s.b.t.c.SpringBootTestContextBootstrapper - Loaded default TestExecutionListener class names from location [META-INF/spring.factories]: [org.springframework.boot.test.mock.mockito.MockitoTestExecutionListener, org.springframework.boot.test.mock.mockito.ResetMocksTestExecutionListener, org.springframework.boot.test.autoconfigure.restdocs.RestDocsTestExecutionListener, org.springframework.boot.test.autoconfigure.web.client.MockRestServiceServerResetTestExecutionListener, org.springframework.boot.test.autoconfigure.web.servlet.MockMvcPrintOnlyOnFailureTestExecutionListener, org.springframework.boot.test.autoconfigure.web.servlet.WebDriverTestExecutionListener, org.springframework.boot.test.autoconfigure.webservices.client.MockWebServiceServerTestExecutionListener, org.springframework.test.context.web.ServletTestExecutionListener, org.springframework.test.context.support.DirtiesContextBeforeModesTestExecutionListener, org.springframework.test.context.event.ApplicationEventsTestExecutionListener, org.springframework.test.context.support.DependencyInjectionTestExecutionListener, org.springframework.test.context.support.DirtiesContextTestExecutionListener, org.springframework.test.context.transaction.TransactionalTestExecutionListener, org.springframework.test.context.jdbc.SqlScriptsTestExecutionListener, org.springframework.test.context.event.EventPublishingTestExecutionListener]
20:03:55.897 [main] INFO  o.s.b.t.c.SpringBootTestContextBootstrapper - Using TestExecutionListeners: [org.springframework.test.context.web.ServletTestExecutionListener@fff25f1, org.springframework.test.context.support.DirtiesContextBeforeModesTestExecutionListener@c00fff0, org.springframework.test.context.event.ApplicationEventsTestExecutionListener@263f04ca, org.springframework.boot.test.mock.mockito.MockitoTestExecutionListener@2ca47471, org.springframework.boot.test.autoconfigure.SpringBootDependencyInjectionTestExecutionListener@5a021cb9, org.springframework.test.context.support.DirtiesContextTestExecutionListener@51768776, org.springframework.test.context.transaction.TransactionalTestExecutionListener@f31c0c6, org.springframework.test.context.jdbc.SqlScriptsTestExecutionListener@b93aad, org.springframework.test.context.event.EventPublishingTestExecutionListener@4a9419d7, org.springframework.boot.test.mock.mockito.ResetMocksTestExecutionListener@2f3c6ac4, org.springframework.boot.test.autoconfigure.restdocs.RestDocsTestExecutionListener@2e8ab815, org.springframework.boot.test.autoconfigure.web.client.MockRestServiceServerResetTestExecutionListener@67af833b, org.springframework.boot.test.autoconfigure.web.servlet.MockMvcPrintOnlyOnFailureTestExecutionListener@d1f74b8, org.springframework.boot.test.autoconfigure.web.servlet.WebDriverTestExecutionListener@41394595, org.springframework.boot.test.autoconfigure.webservices.client.MockWebServiceServerTestExecutionListener@3a0807b7]
20:03:56.163 [background-preinit] INFO  o.h.validator.internal.util.Version - HV000001: Hibernate Validator 6.2.5.Final
20:03:56.166 [main] INFO  c.t.i.C.CoffeeShopServiceTest - Starting CoffeeShopServiceTest using Java 11.0.17 on Vizam with PID 42880 (started by zivko in C:\Users\zivko\Downloads\GIT\IndividualniProjekat\CoffeeShop\src\main\java)
20:03:56.166 [main] INFO  c.t.i.C.CoffeeShopServiceTest - No active profile set, falling back to 1 default profile: "default"
20:03:56.837 [main] INFO  o.s.d.r.c.RepositoryConfigurationDelegate - Bootstrapping Spring Data JPA repositories in DEFAULT mode.
20:03:56.896 [main] INFO  o.s.d.r.c.RepositoryConfigurationDelegate - Finished Spring Data repository scanning in 52 ms. Found 3 JPA repository interfaces.
20:03:57.767 [main] INFO  o.h.jpa.internal.util.LogHelper - HHH000204: Processing PersistenceUnitInfo [name: default]
20:03:57.816 [main] INFO  org.hibernate.Version - HHH000412: Hibernate ORM core version 5.6.14.Final
20:03:57.854 [main] INFO  o.h.annotations.common.Version - HCANN000001: Hibernate Commons Annotations {5.1.2.Final}
20:03:58.104 [main] INFO  com.zaxxer.hikari.HikariDataSource - HikariPool-1 - Starting...
20:03:58.239 [main] INFO  com.zaxxer.hikari.HikariDataSource - HikariPool-1 - Start completed.
20:03:58.264 [main] INFO  org.hibernate.dialect.Dialect - HHH000400: Using dialect: org.hibernate.dialect.MySQL8Dialect
20:03:58.769 [main] INFO  o.h.e.t.j.p.i.JtaPlatformInitiator - HHH000490: Using JtaPlatform implementation: [org.hibernate.engine.transaction.jta.platform.internal.NoJtaPlatform]
20:03:58.776 [main] INFO  o.s.o.j.LocalContainerEntityManagerFactoryBean - Initialized JPA EntityManagerFactory for persistence unit 'default'
20:03:58.987 [main] WARN  o.s.b.a.o.j.JpaBaseConfiguration$JpaWebConfiguration - spring.jpa.open-in-view is enabled by default. Therefore, database queries may be performed during view rendering. Explicitly configure spring.jpa.open-in-view to disable this warning
20:03:59.344 [main] INFO  o.s.b.a.w.s.WelcomePageHandlerMapping - Adding welcome page: class path resource [public/index.html]
20:03:59.992 [main] INFO  o.s.b.t.m.w.SpringBootMockServletContext - Initializing Spring TestDispatcherServlet ''
20:03:59.992 [main] INFO  o.s.t.w.s.TestDispatcherServlet - Initializing Servlet ''
20:03:59.997 [main] INFO  o.s.b.a.e.web.EndpointLinksResolver - Exposing 1 endpoint(s) beneath base path '/actuator'
20:04:00.019 [main] INFO  o.s.t.w.s.TestDispatcherServlet - Completed initialization in 26 ms
20:04:00.048 [main] INFO  c.t.i.C.CoffeeShopServiceTest - Started CoffeeShopServiceTest in 4.119 seconds (JVM running for 5.357)
20:04:00.172 [SpringApplicationShutdownHook] INFO  o.s.o.j.LocalContainerEntityManagerFactoryBean - Closing JPA EntityManagerFactory for persistence unit 'default'
20:04:00.174 [SpringApplicationShutdownHook] INFO  com.zaxxer.hikari.HikariDataSource - HikariPool-1 - Shutdown initiated...
20:04:00.181 [SpringApplicationShutdownHook] INFO  com.zaxxer.hikari.HikariDataSource - HikariPool-1 - Shutdown completed.
